100150 157301 223
157301 104885 396
157301 157300 1
104885 169781 1060
104885 104884 1
169781 166261 20
169781 169845 1
166261 165557 2
166261 166197 1
166261 162165 1
165557 154165 124
165557 161461 1
154165 150133 83
154165 154101 1
150133 140661 183
150133 150069 1
140661 117365 244
140661 140725 1
117365 109109 146
117365 121461 1
109109 88245 249
109109 109045 1
88245 198706 84
88245 92341 1
262143 198706 63437
198706 190581 8119
190581 186868 3690
190581 190580 1
186868 186612 237
186868 186867 1
186612 186549 59
186612 186611 1
186549 182517 3948
186549 186548 1
182517 182005 457
182517 182516 1
182005 174394 7416
182005 182004 1
174394 174390 2
174394 174393 1
174390 174264 112
174390 170357 2
174264 174201 55
174264 170165 3
174201 173750 391
174201 174200 1
173750 173687 56
173750 169653 3
173687 170616 3025
173687 173686 1
170616 170553 55
170616 170615 1
170553 169915 530
170553 170552 1
169915 166521 3276
169915 169914 1
166521 166395 107
166521 166520 1
166395 162676 3506
166395 166394 1
162676 162363 280
162676 162675 1
162363 162095 211
162363 162362 1
162095 157994 3741
162095 162031 1
157994 157821 104
157994 157931 1
157821 154230 3269
157821 157820 1
154230 153816 283
154230 154229 1
153816 153810 3
153816 153815 1
153810 150202 3098
153810 153747 1
150202 149920 217
150202 150201 1
149920 149784 68
149920 149792 2
149784 146292 2862
149784 149783 1
146292 146229 59
146292 146291 1
146229 145967 220
146229 146228 1
145967 145752 132
145967 145903 1
145752 142197 2834
145752 145751 1
142197 142008 172
142197 142196 1
142008 141500 260
142008 141941 3
141500 141439 2
141500 141499 1
141439 138165 2703
141439 141438 1
138165 137913 225
138165 138164 1
137913 137661 196
137913 137912 1
137661 137407 43
137661 137660 1
137407 137021 9
137407 137406 1
137021 125563 9187
137021 137020 1
125563 120700 3369
125563 125562 1
120700 116861 3215
120700 120699 1
116861 113461 2851
116861 116860 1
113461 109238 3430
113461 113460 1
109238 105143 3444
109238 109173 3
105143 105142 1
105143 0 103386
100597 100150 11
100150 104246 1
112246 100597 79
100597 104694 1
113014 112246 11
112246 116342 1
120697 113014 46
113014 117174 1
121017 120697 3
120697 120695 9
141177 121017 114
121017 121015 8
141497 141177 3
141177 141175 8
144949 141497 14
141497 141495 7
145910 144949 23
144949 145014 1
149942 145910 26
145910 145846 1
153334 149942 13
149942 149878 1
153974 153334 16
153334 157494 1
158006 153974 33
153974 153910 1
129207 158006 319
158006 157942 1
141303 129207 56
129207 129206 1
112439 141303 328
141303 141302 1
145719 112439 187
112439 112375 1
124854 145719 1538
145719 149815 1
137334 124854 45
124854 124853 1
133179 137334 1317
137334 137333 1
91954 133179 340
133180 133179 1
111986 91954 55
91890 91954 1
116146 111986 19
83569 111986 22
103729 83569 6
83633 83569 1
107825 103729 1
95730 103729 15
117298 116146 18
112050 116146 1
150194 117298 115
88562 117298 15
101042 88562 2
84402 88562 1
84337 84402 2
88498 84402 1
105202 101042 5
96818 101042 19
109297 105202 2
105138 105202 1
165682 150194 42
150130 150194 1
166130 165682 5
161138 165682 21
173618 161138 2
156978 161138 1
152881 156978 2
157042 156978 1
177778 173618 5
165362 173618 19
177841 177778 2
173682 177778 1
100664 166130 18
174386 166130 7
158386 174386 23
170290 174386 1
174514 158386 5
154353 158386 2
166450 174514 14
178545 174514 2
108152 100664 13
100600 100664 1
108984 108152 2
104056 108152 1
121336 108984 32
104888 108984 1
149048 121336 71
117240 121336 1
157368 149048 24
144952 149048 1
158008 157368 10
157304 157368 1
161656 158008 3
158136 158008 2
116409 161656 41
161592 161656 1
117113 116409 1
108217 116409 3
153401 117113 60
108921 117113 3
153849 153401 5
153273 153401 3
133173 153849 224
153977 153849 3
96306 133173 587
133175 133173 16
132593 96306 67
88113 96306 6
84018 88113 5
92209 88113 2
133682 132593 12
132465 132593 6
132402 132465 5
132529 132465 1
165938 133682 51
133874 133682 14
104502 165938 916
178226 165938 16
132726 104502 19
108537 104502 11
108601 108537 1
104504 108537 2
133558 132726 3
128697 132726 10
132793 128697 1
132728 128697 3
157750 133558 17
133560 133558 14
129067 157750 1444
157752 157750 14
116467 129067 18
129059 129067 641
137251 129059 56
129059 128995 1
133121 137251 402
133158 137251 100
129051 133121 30
137280 133121 27
137344 137280 1
141376 137280 4
137243 129051 60
129051 128987 1
133142 137243 7
133151 137243 37
133150 133151 16
133152 133151 4
133134 133142 218
133145 133142 40
133128 133134 51
133136 133134 20
133127 133128 12
133131 133128 13
149747 116467 6
116531 116467 1
112626 149747 165
145651 149747 1
128754 112626 2
112690 112626 1
108595 112626 2
133426 128754 4
132786 128754 1
132787 132786 2
132850 132786 1
149554 133426 4
133491 133426 3
133038 149554 107
153651 149554 4
133231 133038 11
124911 133038 8
120879 124911 5
132975 124911 10
129264 133231 3
145392 133231 7
145456 145392 1
141295 145392 2
133360 129264 1
133295 129264 2
