157301 3
157300 3
104885 3
104884 3
169781 1
169845 0
166261 1
162165 1
166197 1
165557 1
161461 1
154165 1
154101 1
150133 1
150069 1
140661 1
140725 0
117365 1
121461 0
109109 1
109045 1
88245 1
92341 0
198706 0
190581 0
190580 0
186868 0
186867 0
186612 0
186611 0
186549 0
186548 0
182517 0
182516 0
182005 0
182004 0
174394 0
174393 0
174390 0
170357 0
174264 0
170165 0
174201 0
174200 0
173750 0
169653 0
173687 0
173686 0
170616 0
170615 0
170553 0
170552 0
169915 0
169914 0
166521 0
166520 0
166395 0
166394 0
162676 0
162675 0
162363 0
162362 0
162095 0
162031 0
157994 0
157931 0
157821 0
157820 0
154230 0
154229 0
153816 0
153815 0
153810 0
153747 0
150202 0
150201 0
149920 0
149792 0
149784 0
149783 0
146292 0
146291 0
146229 0
146228 0
145967 0
145903 0
145752 0
145751 0
142197 0
142196 0
142008 0
141941 0
141500 0
141499 0
141439 0
141438 0
138165 0
138164 0
137913 0
137912 0
137661 0
137660 0
137407 0
137406 0
137021 0
137020 0
125563 0
125562 0
120700 0
120699 0
116861 0
116860 0
113461 0
113460 0
109238 0
109173 0
105143 0
0 0
105142 0
262143 0
100150 4
104246 3
100597 4
104694 3
112246 4
116342 3
113014 4
117174 3
120697 4
120695 2
121017 4
121015 2
141177 4
141175 2
141497 4
141495 2
144949 4
145014 3
145910 4
145846 3
149942 4
149878 4
153334 4
157494 3
153974 4
153910 4
158006 4
157942 3
129207 5
129206 5
141303 5
141302 5
112439 6
112375 5
145719 6
149815 5
124854 10
124853 9
137334 10
137333 9
133179 15
133180 15
91954 17
91890 18
111986 17
83569 22
83633 25
103729 22
95730 39
107825 25
116146 17
112050 18
117298 17
88562 20
84402 21
88498 22
84337 25
101042 20
96818 39
105202 21
105138 22
109297 25
150194 17
150130 18
165682 17
161138 20
156978 21
157042 22
152881 25
173618 20
165362 39
177778 21
173682 22
177841 25
166130 17
174386 17
170290 18
158386 22
154353 25
174514 22
178545 25
166450 39
100664 18
100600 19
108152 18
104056 20
108984 18
104888 20
121336 18
117240 19
149048 18
144952 19
157368 18
157304 20
158008 18
158136 20
161656 18
161592 19
116409 19
108217 22
117113 19
108921 22
153401 19
153273 22
153849 19
153977 22
133173 21
133175 35
96306 27
88113 31
92209 31
84018 35
132593 27
132465 31
132529 31
132402 35
133682 27
133874 35
165938 27
178226 35
104502 42
108537 50
104504 57
108601 50
132726 42
128697 50
132728 57
132793 50
133558 42
133560 57
157750 42
157752 57
129067 82
129059 130
128995 130
137251 133
133158 218
133121 168
137280 255
141376 255
137344 255
129051 171
128987 171
137243 176
133151 189
133152 192
133150 204
133142 177
133145 210
133134 226
133136 245
133128 249
133131 255
133127 254
116467 84
116531 89
149747 84
145651 89
112626 100
108595 118
112690 100
128754 100
132786 100
132850 100
132787 118
133426 100
133491 118
149554 100
153651 118
133038 122
124911 124
132975 137
120879 137
133231 124
145392 125
141295 138
145456 125
129264 125
133295 137
133360 125
